<?xml version="1.0" encoding="UTF-8"?>
<testsuite name="ru.nsu.lebedev.MainTest" tests="1" skipped="0" failures="0" errors="0" timestamp="2024-09-22T08:01:49" hostname="LENOVO" time="0.045">
  <properties/>
  <testcase name="testMainOutput()" classname="ru.nsu.lebedev.MainTest" time="0.045"/>
  <system-out><![CDATA[]]></system-out>
  <system-err><![CDATA[]]></system-err>
</testsuite>
