<?xml version="1.0" encoding="UTF-8"?>
<testsuite name="ru.nsu.lebedev.MainTest" tests="1" skipped="0" failures="0" errors="0" timestamp="2024-09-11T11:20:56" hostname="LENOVO" time="0.026">
  <properties/>
  <testcase name="test()" classname="ru.nsu.lebedev.MainTest" time="0.026"/>
  <system-out><![CDATA[]]></system-out>
  <system-err><![CDATA[]]></system-err>
</testsuite>
